WalkMyAndroidPlaces-Starter/app/build/intermediates/manifest_merge_blame_file/debug/manifest-merger-blame-debug-report.txt
1<?xml version="1.0" encoding="utf-8"?>
2<!--
3  Copyright 2017 Google Inc.
4
5  Licensed under the Apache License, Version 2.0 (the "License");
6  you may not use this file except in compliance with the License.
7  You may obtain a copy of the License at
8
9       http://www.apache.org/licenses/LICENSE-2.0
10
11  Unless required by applicable law or agreed to in writing, software
12  distributed under the License is distributed on an "AS IS" BASIS,
13  WITHOUT WARRANTIES OR CONDITIONS OF ANY KIND, either express or implied.
14  See the License for the specific language governing permissions and
15  limitations under the License.
16-->
17<manifest xmlns:android="http://schemas.android.com/apk/res/android"
18    package="com.example.android.walkmyandroid"
19    android:versionCode="1"
20    android:versionName="1.0" >
21
22    <uses-sdk
23        android:minSdkVersion="16"
23-->src\main\AndroidManifest.xml
24        android:targetSdkVersion="32" />
24-->src\main\AndroidManifest.xml
25
26    <uses-permission android:name="android.permission.ACCESS_FINE_LOCATION" />
26-->src\main\AndroidManifest.xml:19:5-78
26-->src\main\AndroidManifest.xml:19:22-76
27    <uses-permission android:name="android.permission.ACCESS_COARSE_LOCATION" />
27-->src\main\AndroidManifest.xml:20:5-80
27-->src\main\AndroidManifest.xml:20:22-78
28    <uses-permission android:name="android.permission.ACCESS_WIFI_STATE" />
28-->[com.google.android.libraries.places:places:2.6.0] AndroidManifest.xml:10:5-76
28-->[com.google.android.libraries.places:places:2.6.0] AndroidManifest.xml:10:22-73
29    <uses-permission android:name="android.permission.INTERNET" /> <!-- Include required permissions for Google Maps API to run. -->
29-->[com.google.android.libraries.places:places:2.6.0] AndroidManifest.xml:11:5-67
29-->[com.google.android.libraries.places:places:2.6.0] AndroidManifest.xml:11:22-64
30    <uses-permission android:name="android.permission.ACCESS_NETWORK_STATE" />
30-->[com.google.android.gms:play-services-maps:17.0.0] AndroidManifest.xml:23:5-79
30-->[com.google.android.gms:play-services-maps:17.0.0] AndroidManifest.xml:23:22-76
31
32    <uses-feature
32-->[com.google.android.gms:play-services-maps:17.0.0] AndroidManifest.xml:26:5-28:35
33        android:glEsVersion="0x00020000"
33-->[com.google.android.gms:play-services-maps:17.0.0] AndroidManifest.xml:27:9-41
34        android:required="true" />
34-->[com.google.android.gms:play-services-maps:17.0.0] AndroidManifest.xml:28:9-32
35
36    <application
36-->src\main\AndroidManifest.xml:22:5-43:19
37        android:allowBackup="true"
37-->src\main\AndroidManifest.xml:23:9-35
38        android:appComponentFactory="androidx.core.app.CoreComponentFactory"
38-->[androidx.core:core:1.7.0] AndroidManifest.xml:24:18-86
39        android:debuggable="true"
40        android:icon="@mipmap/ic_launcher"
40-->src\main\AndroidManifest.xml:24:9-43
41        android:label="@string/app_name"
41-->src\main\AndroidManifest.xml:25:9-41
42        android:roundIcon="@mipmap/ic_launcher_round"
42-->src\main\AndroidManifest.xml:26:9-54
43        android:supportsRtl="true"
43-->src\main\AndroidManifest.xml:27:9-35
44        android:testOnly="true"
45        android:theme="@style/AppTheme" >
45-->src\main\AndroidManifest.xml:28:9-40
46        <meta-data
46-->src\main\AndroidManifest.xml:30:9-32:70
47            android:name="com.google.android.geo.API_KEY"
47-->src\main\AndroidManifest.xml:31:13-58
48            android:value="AIzaSyC7x7-vEw6WRWjNT4roCDCZSRBNHRI4bS4" />
48-->src\main\AndroidManifest.xml:32:13-68
49
50        <activity
50-->src\main\AndroidManifest.xml:34:9-41:20
51            android:name="com.example.android.walkmyandroid.MainActivity"
51-->src\main\AndroidManifest.xml:34:19-47
52            android:exported="true" >
52-->src\main\AndroidManifest.xml:35:13-36
53            <intent-filter>
53-->src\main\AndroidManifest.xml:36:13-40:29
54                <action android:name="android.intent.action.MAIN" />
54-->src\main\AndroidManifest.xml:37:17-69
54-->src\main\AndroidManifest.xml:37:25-66
55
56                <category android:name="android.intent.category.LAUNCHER" />
56-->src\main\AndroidManifest.xml:39:17-77
56-->src\main\AndroidManifest.xml:39:27-74
57            </intent-filter>
58        </activity>
59        <activity
59-->[com.google.android.libraries.places:places:2.6.0] AndroidManifest.xml:14:9-20:20
60            android:name="com.google.android.libraries.places.widget.AutocompleteActivity"
60-->[com.google.android.libraries.places:places:2.6.0] AndroidManifest.xml:15:13-91
61            android:exported="false"
61-->[com.google.android.libraries.places:places:2.6.0] AndroidManifest.xml:16:13-37
62            android:label="@string/places_autocomplete_label"
62-->[com.google.android.libraries.places:places:2.6.0] AndroidManifest.xml:17:13-62
63            android:theme="@style/PlacesAutocompleteOverlay"
63-->[com.google.android.libraries.places:places:2.6.0] AndroidManifest.xml:18:13-61
64            android:windowSoftInputMode="adjustResize" >
64-->[com.google.android.libraries.places:places:2.6.0] AndroidManifest.xml:19:13-55
65        </activity> <!-- Needs to be explicitly declared on P+ -->
66        <uses-library
66-->[com.google.android.gms:play-services-maps:17.0.0] AndroidManifest.xml:33:9-35:40
67            android:name="org.apache.http.legacy"
67-->[com.google.android.gms:play-services-maps:17.0.0] AndroidManifest.xml:34:13-50
68            android:required="false" />
68-->[com.google.android.gms:play-services-maps:17.0.0] AndroidManifest.xml:35:13-37
69
70        <activity
70-->[com.google.android.gms:play-services-base:18.0.1] AndroidManifest.xml:20:9-22:45
71            android:name="com.google.android.gms.common.api.GoogleApiActivity"
71-->[com.google.android.gms:play-services-base:18.0.1] AndroidManifest.xml:20:19-85
72            android:exported="false"
72-->[com.google.android.gms:play-services-base:18.0.1] AndroidManifest.xml:22:19-43
73            android:theme="@android:style/Theme.Translucent.NoTitleBar" />
73-->[com.google.android.gms:play-services-base:18.0.1] AndroidManifest.xml:21:19-78
74
75        <meta-data
75-->[com.google.android.gms:play-services-basement:18.0.0] AndroidManifest.xml:21:9-23:69
76            android:name="com.google.android.gms.version"
76-->[com.google.android.gms:play-services-basement:18.0.0] AndroidManifest.xml:22:13-58
77            android:value="@integer/google_play_services_version" />
77-->[com.google.android.gms:play-services-basement:18.0.0] AndroidManifest.xml:23:13-66
78
79        <service
79-->[com.google.android.datatransport:transport-backend-cct:2.3.0] AndroidManifest.xml:29:9-35:19
80            android:name="com.google.android.datatransport.runtime.backends.TransportBackendDiscovery"
80-->[com.google.android.datatransport:transport-backend-cct:2.3.0] AndroidManifest.xml:30:13-103
81            android:exported="false" >
81-->[com.google.android.datatransport:transport-backend-cct:2.3.0] AndroidManifest.xml:31:13-37
82            <meta-data
82-->[com.google.android.datatransport:transport-backend-cct:2.3.0] AndroidManifest.xml:32:13-34:39
83                android:name="backend:com.google.android.datatransport.cct.CctBackendFactory"
83-->[com.google.android.datatransport:transport-backend-cct:2.3.0] AndroidManifest.xml:33:17-94
84                android:value="cct" />
84-->[com.google.android.datatransport:transport-backend-cct:2.3.0] AndroidManifest.xml:34:17-36
85        </service>
86        <service
86-->[com.google.android.datatransport:transport-runtime:2.2.3] AndroidManifest.xml:26:9-30:19
87            android:name="com.google.android.datatransport.runtime.scheduling.jobscheduling.JobInfoSchedulerService"
87-->[com.google.android.datatransport:transport-runtime:2.2.3] AndroidManifest.xml:27:13-117
88            android:exported="false"
88-->[com.google.android.datatransport:transport-runtime:2.2.3] AndroidManifest.xml:28:13-37
89            android:permission="android.permission.BIND_JOB_SERVICE" >
89-->[com.google.android.datatransport:transport-runtime:2.2.3] AndroidManifest.xml:29:13-69
90        </service>
91
92        <receiver
92-->[com.google.android.datatransport:transport-runtime:2.2.3] AndroidManifest.xml:32:9-34:40
93            android:name="com.google.android.datatransport.runtime.scheduling.jobscheduling.AlarmManagerSchedulerBroadcastReceiver"
93-->[com.google.android.datatransport:transport-runtime:2.2.3] AndroidManifest.xml:33:13-132
94            android:exported="false" />
94-->[com.google.android.datatransport:transport-runtime:2.2.3] AndroidManifest.xml:34:13-37
95
96        <provider
96-->[androidx.emoji2:emoji2:1.0.0] AndroidManifest.xml:26:9-34:20
97            android:name="androidx.startup.InitializationProvider"
97-->[androidx.emoji2:emoji2:1.0.0] AndroidManifest.xml:27:13-67
98            android:authorities="com.example.android.walkmyandroid.androidx-startup"
98-->[androidx.emoji2:emoji2:1.0.0] AndroidManifest.xml:28:13-68
99            android:exported="false" >
99-->[androidx.emoji2:emoji2:1.0.0] AndroidManifest.xml:29:13-37
100            <meta-data
100-->[androidx.emoji2:emoji2:1.0.0] AndroidManifest.xml:31:13-33:52
101                android:name="androidx.emoji2.text.EmojiCompatInitializer"
101-->[androidx.emoji2:emoji2:1.0.0] AndroidManifest.xml:32:17-75
102                android:value="androidx.startup" />
102-->[androidx.emoji2:emoji2:1.0.0] AndroidManifest.xml:33:17-49
103            <meta-data
103-->[androidx.lifecycle:lifecycle-process:2.4.0] AndroidManifest.xml:31:13-33:52
104                android:name="androidx.lifecycle.ProcessLifecycleInitializer"
104-->[androidx.lifecycle:lifecycle-process:2.4.0] AndroidManifest.xml:32:17-78
105                android:value="androidx.startup" />
105-->[androidx.lifecycle:lifecycle-process:2.4.0] AndroidManifest.xml:33:17-49
106        </provider>
107    </application>
108
109</manifest>